<?xml version="1.0" encoding="UTF-8"?>
<testsuite xmlns:xsi="http://www.w3.org/2001/XMLSchema-instance" xsi:noNamespaceSchemaLocation="https://maven.apache.org/surefire/maven-surefire-plugin/xsd/surefire-test-report.xsd" name="CourierTest" time="6.453" tests="3" errors="0" skipped="0" failures="0">
  <properties>
[...]
</properties>
  <testcase name="checkCantCreateTwoSimilarCouriers" classname="CourierTest" time="5.341"/>
  <testcase name="checkCourierCanBeCreated" classname="CourierTest" time="0.679"/>
  <testcase name="checkRequiredPasswordField" classname="CourierTest" time="0.182"/>
</testsuite>